c:\users\victo\desktop\vs-git\pong\pong\x64\debug\vc143.pdb
c:\users\victo\desktop\vs-git\pong\pong\x64\debug\vc143.idb
c:\users\victo\desktop\vs-git\pong\pong\x64\debug\sprite.obj
c:\users\victo\desktop\vs-git\pong\pong\x64\debug\singleplayer.obj
c:\users\victo\desktop\vs-git\pong\pong\x64\debug\player.obj
c:\users\victo\desktop\vs-git\pong\pong\x64\debug\main.obj
c:\users\victo\desktop\vs-git\pong\pong\x64\debug\input.obj
c:\users\victo\desktop\vs-git\pong\pong\x64\debug\hud.obj
c:\users\victo\desktop\vs-git\pong\pong\x64\debug\graphics.obj
c:\users\victo\desktop\vs-git\pong\pong\x64\debug\ball.obj
c:\users\victo\desktop\vs-git\pong\pong\x64\debug\game.obj
c:\users\victo\desktop\vs-git\pong\pong\x64\debug\pong.res
c:\users\victo\desktop\vs-git\pong\pong\x64\debug\pong.ilk
c:\users\victo\desktop\vs-git\pong\x64\debug\pong.pdb
c:\users\victo\desktop\vs-git\pong\pong\x64\debug\pong.tlog\cl.command.1.tlog
c:\users\victo\desktop\vs-git\pong\pong\x64\debug\pong.tlog\cl.items.tlog
c:\users\victo\desktop\vs-git\pong\pong\x64\debug\pong.tlog\cl.read.1.tlog
c:\users\victo\desktop\vs-git\pong\pong\x64\debug\pong.tlog\cl.write.1.tlog
c:\users\victo\desktop\vs-git\pong\pong\x64\debug\pong.tlog\link-cvtres.read.1.tlog
c:\users\victo\desktop\vs-git\pong\pong\x64\debug\pong.tlog\link-cvtres.write.1.tlog
c:\users\victo\desktop\vs-git\pong\pong\x64\debug\pong.tlog\link-rc.read.1.tlog
c:\users\victo\desktop\vs-git\pong\pong\x64\debug\pong.tlog\link-rc.write.1.tlog
c:\users\victo\desktop\vs-git\pong\pong\x64\debug\pong.tlog\link.1372-cvtres.read.1.tlog
c:\users\victo\desktop\vs-git\pong\pong\x64\debug\pong.tlog\link.1372-cvtres.write.1.tlog
c:\users\victo\desktop\vs-git\pong\pong\x64\debug\pong.tlog\link.1372-rc.read.1.tlog
c:\users\victo\desktop\vs-git\pong\pong\x64\debug\pong.tlog\link.1372-rc.write.1.tlog
c:\users\victo\desktop\vs-git\pong\pong\x64\debug\pong.tlog\link.1372.read.1.tlog
c:\users\victo\desktop\vs-git\pong\pong\x64\debug\pong.tlog\link.1372.read.2.tlog
c:\users\victo\desktop\vs-git\pong\pong\x64\debug\pong.tlog\link.1372.write.1.tlog
c:\users\victo\desktop\vs-git\pong\pong\x64\debug\pong.tlog\link.command.1.tlog
c:\users\victo\desktop\vs-git\pong\pong\x64\debug\pong.tlog\link.read.1.tlog
c:\users\victo\desktop\vs-git\pong\pong\x64\debug\pong.tlog\link.read.2.tlog
c:\users\victo\desktop\vs-git\pong\pong\x64\debug\pong.tlog\link.secondary.1.tlog
c:\users\victo\desktop\vs-git\pong\pong\x64\debug\pong.tlog\link.write.1.tlog
c:\users\victo\desktop\vs-git\pong\pong\x64\debug\pong.tlog\rc.command.1.tlog
c:\users\victo\desktop\vs-git\pong\pong\x64\debug\pong.tlog\rc.read.1.tlog
c:\users\victo\desktop\vs-git\pong\pong\x64\debug\pong.tlog\rc.write.1.tlog
