  hud.cpp
C:\Users\victo\Desktop\VS-GIT\pong\include\graphics.h(18,7): warning C4099: 'SDL_FRect': type name first seen using 'struct' now seen using 'class'
  (compiling source file 'src/hud.cpp')
      C:\msys64\mingw64\include\SDL3\SDL_rect.h(106,16):
      see declaration of 'SDL_FRect'
  
C:\Users\victo\Desktop\VS-GIT\pong\src\hud.cpp(106,74): warning C4305: 'argument': truncation from 'double' to 'float'
C:\Users\victo\Desktop\VS-GIT\pong\src\hud.cpp(117,169): warning C4305: 'argument': truncation from 'double' to 'float'
C:\Users\victo\Desktop\VS-GIT\pong\src\hud.cpp(133,81): warning C4244: 'argument': conversion from 'int' to 'float', possible loss of data
C:\Users\victo\Desktop\VS-GIT\pong\src\hud.cpp(133,66): warning C4244: 'argument': conversion from 'int' to 'float', possible loss of data
C:\Users\victo\Desktop\VS-GIT\pong\src\hud.cpp(162,43): warning C4305: 'argument': truncation from 'double' to 'float'
C:\Users\victo\Desktop\VS-GIT\pong\src\hud.cpp(200,76): warning C4305: 'argument': truncation from 'double' to 'float'
C:\Users\victo\Desktop\VS-GIT\pong\src\hud.cpp(203,43): warning C4305: 'argument': truncation from 'double' to 'float'
C:\Users\victo\Desktop\VS-GIT\pong\src\hud.cpp(251,76): warning C4305: 'argument': truncation from 'double' to 'float'
C:\Users\victo\Desktop\VS-GIT\pong\src\hud.cpp(253,43): warning C4305: 'argument': truncation from 'double' to 'float'
C:\Users\victo\Desktop\VS-GIT\pong\src\hud.cpp(254,79): warning C4305: 'argument': truncation from 'double' to 'float'
C:\Users\victo\Desktop\VS-GIT\pong\src\hud.cpp(264,43): warning C4305: 'argument': truncation from 'double' to 'float'
C:\Users\victo\Desktop\VS-GIT\pong\src\hud.cpp(273,94): warning C4267: '=': conversion from 'size_t' to 'unsigned int', possible loss of data
C:\Users\victo\Desktop\VS-GIT\pong\src\hud.cpp(274,56): warning C4267: '=': conversion from 'size_t' to 'unsigned int', possible loss of data
C:\Users\victo\Desktop\VS-GIT\pong\src\hud.cpp(434,18): warning C4244: 'initializing': conversion from 'float' to 'int', possible loss of data
C:\Users\victo\Desktop\VS-GIT\pong\src\hud.cpp(435,18): warning C4244: 'initializing': conversion from 'float' to 'int', possible loss of data
C:\Users\victo\Desktop\VS-GIT\pong\src\hud.cpp(436,107): warning C4244: 'argument': conversion from 'int' to 'float', possible loss of data
C:\Users\victo\Desktop\VS-GIT\pong\src\hud.cpp(436,95): warning C4244: 'argument': conversion from 'int' to 'float', possible loss of data
  main.cpp
C:\Users\victo\Desktop\VS-GIT\pong\include\graphics.h(18,7): warning C4099: 'SDL_FRect': type name first seen using 'struct' now seen using 'class'
  (compiling source file 'src/main.cpp')
      C:\msys64\mingw64\include\SDL3\SDL_rect.h(106,16):
      see declaration of 'SDL_FRect'
  
  sprite.cpp
C:\Users\victo\Desktop\VS-GIT\pong\include\graphics.h(18,7): warning C4099: 'SDL_FRect': type name first seen using 'struct' now seen using 'class'
  (compiling source file 'src/sprite.cpp')
      C:\msys64\mingw64\include\SDL3\SDL_rect.h(106,16):
      see declaration of 'SDL_FRect'
  
C:\Users\victo\Desktop\VS-GIT\pong\src\sprite.cpp(41,104): warning C4244: 'argument': conversion from 'float' to 'int', possible loss of data
C:\Users\victo\Desktop\VS-GIT\pong\src\sprite.cpp(41,70): warning C4244: 'argument': conversion from 'float' to 'int', possible loss of data
C:\Users\victo\Desktop\VS-GIT\pong\src\sprite.cpp(41,56): warning C4244: 'argument': conversion from 'float' to 'int', possible loss of data
C:\Users\victo\Desktop\VS-GIT\pong\src\sprite.cpp(41,46): warning C4244: 'argument': conversion from 'float' to 'int', possible loss of data
C:\Users\victo\Desktop\VS-GIT\pong\src\sprite.cpp(49,113): warning C4244: 'argument': conversion from 'float' to 'int', possible loss of data
C:\Users\victo\Desktop\VS-GIT\pong\src\sprite.cpp(49,75): warning C4244: 'argument': conversion from 'float' to 'int', possible loss of data
C:\Users\victo\Desktop\VS-GIT\pong\src\sprite.cpp(49,56): warning C4244: 'argument': conversion from 'float' to 'int', possible loss of data
C:\Users\victo\Desktop\VS-GIT\pong\src\sprite.cpp(49,46): warning C4244: 'argument': conversion from 'float' to 'int', possible loss of data
  Generating Code...
  pong.vcxproj -> C:\Users\victo\Desktop\VS-GIT\pong\x64\Debug\pong.exe
